  Building Custom Rule C:/xmet/tests/CMakeLists.txt
  CMake does not need to re-run because C:\xmet\tests\CMakeFiles\generate.stamp is up-to-date.
  authority_tests.cpp
  Unknown compiler version - please run the configure tests and report the results
c:\xmet\libraries\chain\include\graphene\chain\protocol\types.hpp(34): fatal error C1083: Cannot open include file: 'graphene/db/object_id.hpp': No such file or directory
  basic_tests.cpp
  Unknown compiler version - please run the configure tests and report the results
c:\xmet\libraries\chain\include\graphene\chain\protocol\types.hpp(34): fatal error C1083: Cannot open include file: 'graphene/db/object_id.hpp': No such file or directory
  block_tests.cpp
  Unknown compiler version - please run the configure tests and report the results
c:\xmet\libraries\chain\include\graphene\chain\protocol\types.hpp(34): fatal error C1083: Cannot open include file: 'graphene/db/object_id.hpp': No such file or directory
  confidential_tests.cpp
  Unknown compiler version - please run the configure tests and report the results
c:\xmet\libraries\chain\include\graphene\chain\protocol\types.hpp(34): fatal error C1083: Cannot open include file: 'graphene/db/object_id.hpp': No such file or directory
  database_tests.cpp
  Unknown compiler version - please run the configure tests and report the results
c:\xmet\libraries\chain\include\graphene\chain\protocol\types.hpp(34): fatal error C1083: Cannot open include file: 'graphene/db/object_id.hpp': No such file or directory
  fee_tests.cpp
  Unknown compiler version - please run the configure tests and report the results
c:\xmet\libraries\chain\include\graphene\chain\protocol\types.hpp(34): fatal error C1083: Cannot open include file: 'graphene/db/object_id.hpp': No such file or directory
  main.cpp
  Unknown compiler version - please run the configure tests and report the results
c:\boost_1_55_0\boost\test\impl\execution_monitor.ipp(948): warning C4535: calling _set_se_translator() requires /EHa
c:\xmet\tests\tests\main.cpp(18): warning C4244: 'argument': conversion from 'time_t' to 'unsigned int', possible loss of data
  operation_tests.cpp
  Unknown compiler version - please run the configure tests and report the results
c:\xmet\libraries\chain\include\graphene\chain\protocol\types.hpp(34): fatal error C1083: Cannot open include file: 'graphene/db/object_id.hpp': No such file or directory
  operation_tests2.cpp
  Unknown compiler version - please run the configure tests and report the results
c:\xmet\libraries\chain\include\graphene\chain\protocol\types.hpp(34): fatal error C1083: Cannot open include file: 'graphene/db/object_id.hpp': No such file or directory
  uia_tests.cpp
  Unknown compiler version - please run the configure tests and report the results
c:\xmet\libraries\chain\include\graphene\chain\protocol\types.hpp(34): fatal error C1083: Cannot open include file: 'graphene/db/object_id.hpp': No such file or directory
  database_fixture.cpp
  Unknown compiler version - please run the configure tests and report the results
c:\xmet\libraries\app\include\graphene\app\application.hpp(15): fatal error C1083: Cannot open include file: 'graphene/net/node.hpp': No such file or directory
  Generating Code...
